<?xml version="1.0" encoding="UTF-8"?>
<coverage generated="1694547376271" clover="3.2.0">
  <project timestamp="1694547376272" name="All files">
    <metrics statements="14" coveredstatements="13" conditionals="0" coveredconditionals="0" methods="9" coveredmethods="8" elements="23" coveredelements="21" complexity="0" loc="14" ncloc="14" packages="1" files="2" classes="2"/>
    <file name="functions.js" path="C:\Users\guipm\Desktop\coursera-jest-unity-testing\functions.js">
      <metrics statements="7" coveredstatements="7" conditionals="0" coveredconditionals="0" methods="5" coveredmethods="5"/>
      <line num="1" count="1" type="stmt"/>
      <line num="3" count="1" type="stmt"/>
      <line num="6" count="1" type="stmt"/>
      <line num="8" count="1" type="stmt"/>
      <line num="9" count="1" type="stmt"/>
      <line num="11" count="2" type="stmt"/>
      <line num="15" count="1" type="stmt"/>
    </file>
    <file name="script.js" path="C:\Users\guipm\Desktop\coursera-jest-unity-testing\script.js">
      <metrics statements="7" coveredstatements="6" conditionals="0" coveredconditionals="0" methods="4" coveredmethods="3"/>
      <line num="1" count="1" type="stmt"/>
      <line num="3" count="1" type="stmt"/>
      <line num="4" count="1" type="stmt"/>
      <line num="5" count="1" type="stmt"/>
      <line num="7" count="1" type="stmt"/>
      <line num="12" count="0" type="stmt"/>
      <line num="15" count="1" type="stmt"/>
    </file>
  </project>
</coverage>
