{"C:\\Users\\guipm\\Desktop\\coursera-jest-unity-testing\\functions.js": {"path":"C:\\Users\\guipm\\Desktop\\coursera-jest-unity-testing\\functions.js","statementMap":{"0":{"start":{"line":1,"column":18},"end":{"line":13,"column":1}},"1":{"start":{"line":3,"column":4},"end":{"line":3,"column":40}},"2":{"start":{"line":6,"column":23},"end":{"line":6,"column":34}},"3":{"start":{"line":8,"column":16},"end":{"line":8,"column":20}},"4":{"start":{"line":9,"column":21},"end":{"line":9,"column":30}},"5":{"start":{"line":11,"column":4},"end":{"line":11,"column":50}},"6":{"start":{"line":15,"column":0},"end":{"line":15,"column":26}}},"fnMap":{"0":{"name":"(anonymous_0)","decl":{"start":{"line":2,"column":10},"end":{"line":2,"column":11}},"loc":{"start":{"line":2,"column":25},"end":{"line":4,"column":3}},"line":2},"1":{"name":"(anonymous_1)","decl":{"start":{"line":6,"column":7},"end":{"line":6,"column":8}},"loc":{"start":{"line":6,"column":23},"end":{"line":6,"column":34}},"line":6},"2":{"name":"(anonymous_2)","decl":{"start":{"line":8,"column":10},"end":{"line":8,"column":11}},"loc":{"start":{"line":8,"column":16},"end":{"line":8,"column":20}},"line":8},"3":{"name":"(anonymous_3)","decl":{"start":{"line":9,"column":15},"end":{"line":9,"column":16}},"loc":{"start":{"line":9,"column":21},"end":{"line":9,"column":30}},"line":9},"4":{"name":"(anonymous_4)","decl":{"start":{"line":10,"column":22},"end":{"line":10,"column":23}},"loc":{"start":{"line":10,"column":28},"end":{"line":12,"column":3}},"line":10}},"branchMap":{},"s":{"0":1,"1":1,"2":1,"3":1,"4":1,"5":2,"6":1},"f":{"0":1,"1":1,"2":1,"3":1,"4":2},"b":{},"_coverageSchema":"1a1c01bbd47fc00a2c39e90264f33305004495a9","hash":"a6a8a3faff6d0b0c7f5d17d16be7c336d6d656c2"}
,"C:\\Users\\guipm\\Desktop\\coursera-jest-unity-testing\\script.js": {"path":"C:\\Users\\guipm\\Desktop\\coursera-jest-unity-testing\\script.js","statementMap":{"0":{"start":{"line":3,"column":18},"end":{"line":13,"column":1}},"1":{"start":{"line":4,"column":2},"end":{"line":12,"column":24}},"2":{"start":{"line":5,"column":19},"end":{"line":5,"column":29}},"3":{"start":{"line":7,"column":6},"end":{"line":10,"column":7}},"4":{"start":{"line":12,"column":20},"end":{"line":12,"column":23}},"5":{"start":{"line":15,"column":0},"end":{"line":15,"column":26}}},"fnMap":{"0":{"name":"(anonymous_0)","decl":{"start":{"line":3,"column":18},"end":{"line":3,"column":19}},"loc":{"start":{"line":3,"column":29},"end":{"line":13,"column":1}},"line":3},"1":{"name":"(anonymous_1)","decl":{"start":{"line":5,"column":10},"end":{"line":5,"column":11}},"loc":{"start":{"line":5,"column":19},"end":{"line":5,"column":29}},"line":5},"2":{"name":"(anonymous_2)","decl":{"start":{"line":6,"column":10},"end":{"line":6,"column":11}},"loc":{"start":{"line":6,"column":20},"end":{"line":11,"column":5}},"line":6},"3":{"name":"(anonymous_3)","decl":{"start":{"line":12,"column":11},"end":{"line":12,"column":12}},"loc":{"start":{"line":12,"column":20},"end":{"line":12,"column":23}},"line":12}},"branchMap":{},"s":{"0":1,"1":2,"2":1,"3":1,"4":0,"5":1},"f":{"0":2,"1":1,"2":1,"3":0},"b":{},"_coverageSchema":"1a1c01bbd47fc00a2c39e90264f33305004495a9","hash":"b12bf49d227e51e848beba64dc8c70993f22b627"}
}
